TN:
SF:C:\Users\Administrator\Desktop\bryanstuff\VUE PROJECTS\restaurant\src\assets\Group538.png
FNF:0
FNH:0
DA:1,1
LF:1
LH:1
BRF:0
BRH:0
end_of_record
TN:
SF:C:\Users\Administrator\Desktop\bryanstuff\VUE PROJECTS\restaurant\src\assets\group2.png
FNF:0
FNH:0
DA:1,1
LF:1
LH:1
BRF:0
BRH:0
end_of_record
TN:
SF:C:\Users\Administrator\Desktop\bryanstuff\VUE PROJECTS\restaurant\src\assets\sterlingLogo.png
FNF:0
FNH:0
DA:1,2
LF:1
LH:1
BRF:0
BRH:0
end_of_record
TN:
SF:C:\Users\Administrator\Desktop\bryanstuff\VUE PROJECTS\restaurant\src\assets\tt.png
FNF:0
FNH:0
DA:1,1
LF:1
LH:1
BRF:0
BRH:0
end_of_record
TN:
SF:C:\Users\Administrator\Desktop\bryanstuff\VUE PROJECTS\restaurant\src\components\accountOptions.vue
FN:52,(anonymous_0)
FN:62,(anonymous_1)
FN:69,(anonymous_2)
FN:76,(anonymous_3)
FNF:4
FNH:2
FNDA:1,(anonymous_0)
FNDA:0,(anonymous_1)
FNDA:0,(anonymous_2)
FNDA:1,(anonymous_3)
DA:44,1
DA:45,1
DA:46,1
DA:53,1
DA:63,0
DA:64,0
DA:65,0
DA:66,0
DA:70,0
DA:71,0
DA:72,0
DA:73,0
DA:77,1
DA:79,1
DA:80,1
DA:82,0
DA:83,0
LF:17
LH:7
BRDA:79,0,0,1
BRDA:79,0,1,0
BRF:2
BRH:1
end_of_record
TN:
SF:C:\Users\Administrator\Desktop\bryanstuff\VUE PROJECTS\restaurant\src\components\numbers.vue
FN:10,(anonymous_0)
FNF:1
FNH:1
FNDA:1,(anonymous_0)
DA:8,1
DA:11,1
DA:12,1
DA:13,1
DA:14,9
DA:15,4
DA:17,5
DA:20,1
LF:8
LH:8
BRDA:14,0,0,4
BRDA:14,0,1,5
BRF:2
BRH:2
end_of_record
TN:
SF:C:\Users\Administrator\Desktop\bryanstuff\VUE PROJECTS\restaurant\src\components\savingsOption.vue
FNF:0
FNH:0
DA:11,1
LF:1
LH:1
BRF:0
BRH:0
end_of_record
TN:
SF:C:\Users\Administrator\Desktop\bryanstuff\VUE PROJECTS\restaurant\src\components\sign_up.vue
FN:31,(anonymous_0)
FN:42,(anonymous_1)
FN:48,(anonymous_2)
FN:55,(anonymous_3)
FN:61,(anonymous_4)
FNF:5
FNH:2
FNDA:1,(anonymous_0)
FNDA:0,(anonymous_1)
FNDA:0,(anonymous_2)
FNDA:0,(anonymous_3)
FNDA:1,(anonymous_4)
DA:25,1
DA:26,1
DA:28,1
DA:32,1
DA:44,0
DA:45,0
DA:46,0
DA:49,0
DA:50,0
DA:51,0
DA:52,0
DA:53,0
DA:56,0
DA:57,0
DA:62,1
DA:63,1
DA:64,0
LF:17
LH:6
BRDA:51,0,0,0
BRDA:51,0,1,0
BRDA:63,1,0,0
BRDA:63,1,1,1
BRF:4
BRH:1
end_of_record
TN:
SF:C:\Users\Administrator\Desktop\bryanstuff\VUE PROJECTS\restaurant\src\components\submit.vue
FNF:0
FNH:0
DA:10,1
LF:1
LH:1
BRF:0
BRH:0
end_of_record
TN:
SF:C:\Users\Administrator\Desktop\bryanstuff\VUE PROJECTS\restaurant\src\utils\button.vue
FNF:0
FNH:0
DA:8,1
LF:1
LH:1
BRF:0
BRH:0
end_of_record
TN:
SF:C:\Users\Administrator\Desktop\bryanstuff\VUE PROJECTS\restaurant\src\utils\preloader.vue
FNF:0
FNH:0
DA:8,1
LF:1
LH:1
BRF:0
BRH:0
end_of_record
